<?xml version="1.0" encoding="UTF-8"?>
<!-- Generated by org.testng.reporters.JUnitReportReporter -->
<testsuite hostname="PC219848" name="MOD.GC.Driver" tests="1" failures="0" timestamp="4 May 2017 08:14:56 GMT" time="27.729" errors="0">
  <testcase name="Drive" time="27.729" classname="MOD.GC.Driver"/>
</testsuite> <!-- MOD.GC.Driver -->
