<?xml version="1.0" encoding="UTF-8"?>
<!-- Generated by org.testng.reporters.JUnitReportReporter -->
<testsuite hostname="PC219848" name="MOD.GC.RES" tests="1" failures="0" timestamp="4 May 2017 11:48:47 GMT" time="24.876" errors="0">
  <testcase name="main" time="24.876" classname="MOD.GC.RES"/>
</testsuite> <!-- MOD.GC.RES -->
