<?xml version="1.0" encoding="UTF-8"?>
<!-- Generated by org.testng.reporters.JUnitReportReporter -->
<testsuite hostname="PC219848" name="MOD.GC.LOB" tests="1" failures="0" timestamp="3 May 2017 16:21:50 GMT" time="10.782" errors="0">
  <testcase name="main" time="10.782" classname="MOD.GC.LOB"/>
</testsuite> <!-- MOD.GC.LOB -->
