<?xml version="1.0" encoding="UTF-8"?>
<!-- Generated by org.testng.reporters.JUnitReportReporter -->
<testsuite hostname="PC219848" name="MOD.GC.TEST" tests="1" failures="0" timestamp="3 May 2017 15:45:35 GMT" time="14.753" errors="0">
  <testcase name="main" time="14.753" classname="MOD.GC.TEST"/>
</testsuite> <!-- MOD.GC.TEST -->
